<?xml version="1.0" encoding="UTF-8"?>
<!-- Generated by org.testng.reporters.JUnitReportReporter -->
<testsuite hostname="DESKTOP-NHTJCKH" failures="0" tests="2" name="Testautomation.Testautomation.Register" time="19.443" errors="0" timestamp="2022-10-10T20:54:16 EET" skipped="0">
  <testcase classname="Testautomation.Testautomation.Register" name="Registeration" time="12.685"/>
  <system-out/>
  <testcase classname="Testautomation.Testautomation.Register" name="Registeration" time="6.758"/>
  <system-out/>
</testsuite> <!-- Testautomation.Testautomation.Register -->
